GROUP,PACKAGE,CLASS,INSTRUCTION_MISSED,INSTRUCTION_COVERED,BRANCH_MISSED,BRANCH_COVERED,LINE_MISSED,LINE_COVERED,COMPLEXITY_MISSED,COMPLEXITY_COVERED,METHOD_MISSED,METHOD_COVERED
DesafioEmail,br.uff.sti.email.service.csv,CSVService,272,28,10,0,60,1,21,1,16,1
DesafioEmail,br.uff.sti.email.modelo,Aluno,9,84,0,2,3,26,3,14,3,13
DesafioEmail,br.uff.sti.email.constantes,Constantes,3,0,0,0,1,0,1,0,1,0
DesafioEmail,br.uff.sti.email.service,SugestaoEmailService,346,0,8,0,54,0,21,0,16,0
DesafioEmail,br.uff.sti.email.service,AlunoService,49,47,0,2,17,14,8,3,8,2
DesafioEmail,br.uff.sti.email,Main,129,45,7,5,31,13,8,6,4,4
